mode: set
github.com/KaranAhlawat/ddgf/internal/repo/gen/db.go:19.28,21.2 1 1
github.com/KaranAhlawat/ddgf/internal/repo/gen/db.go:27.47,31.2 1 0
github.com/KaranAhlawat/ddgf/internal/repo/gen/page.sql.go:20.71,23.2 2 1
github.com/KaranAhlawat/ddgf/internal/repo/gen/page.sql.go:37.87,42.2 4 1
github.com/KaranAhlawat/ddgf/internal/repo/gen/page.sql.go:51.79,56.2 4 1
github.com/KaranAhlawat/ddgf/internal/repo/gen/page.sql.go:64.68,66.16 2 1
github.com/KaranAhlawat/ddgf/internal/repo/gen/page.sql.go:69.2,71.18 3 1
github.com/KaranAhlawat/ddgf/internal/repo/gen/page.sql.go:78.2,78.37 1 1
github.com/KaranAhlawat/ddgf/internal/repo/gen/page.sql.go:81.2,81.35 1 1
github.com/KaranAhlawat/ddgf/internal/repo/gen/page.sql.go:84.2,84.19 1 1
github.com/KaranAhlawat/ddgf/internal/repo/gen/page.sql.go:66.16,68.3 1 1
github.com/KaranAhlawat/ddgf/internal/repo/gen/page.sql.go:71.18,73.67 2 1
github.com/KaranAhlawat/ddgf/internal/repo/gen/page.sql.go:76.3,76.27 1 1
github.com/KaranAhlawat/ddgf/internal/repo/gen/page.sql.go:73.67,75.4 1 0
github.com/KaranAhlawat/ddgf/internal/repo/gen/page.sql.go:78.37,80.3 1 0
github.com/KaranAhlawat/ddgf/internal/repo/gen/page.sql.go:81.35,83.3 1 1
github.com/KaranAhlawat/ddgf/internal/repo/gen/page.sql.go:100.79,103.2 2 1
github.com/KaranAhlawat/ddgf/internal/repo/gen/tag.sql.go:19.70,22.2 2 1
github.com/KaranAhlawat/ddgf/internal/repo/gen/tag.sql.go:35.84,40.2 4 1
github.com/KaranAhlawat/ddgf/internal/repo/gen/tag.sql.go:49.77,54.2 4 1
github.com/KaranAhlawat/ddgf/internal/repo/gen/tag.sql.go:62.66,64.16 2 1
github.com/KaranAhlawat/ddgf/internal/repo/gen/tag.sql.go:67.2,69.18 3 1
github.com/KaranAhlawat/ddgf/internal/repo/gen/tag.sql.go:76.2,76.37 1 1
github.com/KaranAhlawat/ddgf/internal/repo/gen/tag.sql.go:79.2,79.35 1 1
github.com/KaranAhlawat/ddgf/internal/repo/gen/tag.sql.go:82.2,82.19 1 1
github.com/KaranAhlawat/ddgf/internal/repo/gen/tag.sql.go:64.16,66.3 1 1
github.com/KaranAhlawat/ddgf/internal/repo/gen/tag.sql.go:69.18,71.50 2 1
github.com/KaranAhlawat/ddgf/internal/repo/gen/tag.sql.go:74.3,74.27 1 1
github.com/KaranAhlawat/ddgf/internal/repo/gen/tag.sql.go:71.50,73.4 1 0
github.com/KaranAhlawat/ddgf/internal/repo/gen/tag.sql.go:76.37,78.3 1 0
github.com/KaranAhlawat/ddgf/internal/repo/gen/tag.sql.go:79.35,81.3 1 1
github.com/KaranAhlawat/ddgf/internal/repo/gen/advice.sql.go:19.73,22.2 2 1
github.com/KaranAhlawat/ddgf/internal/repo/gen/advice.sql.go:35.93,40.2 4 1
github.com/KaranAhlawat/ddgf/internal/repo/gen/advice.sql.go:49.83,54.2 4 1
github.com/KaranAhlawat/ddgf/internal/repo/gen/advice.sql.go:62.72,64.16 2 1
github.com/KaranAhlawat/ddgf/internal/repo/gen/advice.sql.go:67.2,69.18 3 1
github.com/KaranAhlawat/ddgf/internal/repo/gen/advice.sql.go:76.2,76.37 1 1
github.com/KaranAhlawat/ddgf/internal/repo/gen/advice.sql.go:79.2,79.35 1 1
github.com/KaranAhlawat/ddgf/internal/repo/gen/advice.sql.go:82.2,82.19 1 1
github.com/KaranAhlawat/ddgf/internal/repo/gen/advice.sql.go:64.16,66.3 1 1
github.com/KaranAhlawat/ddgf/internal/repo/gen/advice.sql.go:69.18,71.54 2 1
github.com/KaranAhlawat/ddgf/internal/repo/gen/advice.sql.go:74.3,74.27 1 1
github.com/KaranAhlawat/ddgf/internal/repo/gen/advice.sql.go:71.54,73.4 1 0
github.com/KaranAhlawat/ddgf/internal/repo/gen/advice.sql.go:76.37,78.3 1 0
github.com/KaranAhlawat/ddgf/internal/repo/gen/advice.sql.go:79.35,81.3 1 1
github.com/KaranAhlawat/ddgf/internal/repo/gen/advice.sql.go:96.83,99.2 2 1
github.com/KaranAhlawat/ddgf/internal/repo/gen/advice_tag.sql.go:25.97,28.2 2 1
github.com/KaranAhlawat/ddgf/internal/repo/gen/advice_tag.sql.go:42.113,47.2 4 1
github.com/KaranAhlawat/ddgf/internal/repo/gen/advice_tag.sql.go:65.111,67.16 2 1
github.com/KaranAhlawat/ddgf/internal/repo/gen/advice_tag.sql.go:70.2,72.18 3 1
github.com/KaranAhlawat/ddgf/internal/repo/gen/advice_tag.sql.go:79.2,79.37 1 1
github.com/KaranAhlawat/ddgf/internal/repo/gen/advice_tag.sql.go:82.2,82.35 1 1
github.com/KaranAhlawat/ddgf/internal/repo/gen/advice_tag.sql.go:85.2,85.19 1 1
github.com/KaranAhlawat/ddgf/internal/repo/gen/advice_tag.sql.go:67.16,69.3 1 0
github.com/KaranAhlawat/ddgf/internal/repo/gen/advice_tag.sql.go:72.18,74.60 2 1
github.com/KaranAhlawat/ddgf/internal/repo/gen/advice_tag.sql.go:77.3,77.27 1 1
github.com/KaranAhlawat/ddgf/internal/repo/gen/advice_tag.sql.go:74.60,76.4 1 0
github.com/KaranAhlawat/ddgf/internal/repo/gen/advice_tag.sql.go:79.37,81.3 1 0
github.com/KaranAhlawat/ddgf/internal/repo/gen/advice_tag.sql.go:82.35,84.3 1 0
github.com/KaranAhlawat/ddgf/internal/repo/gen/advice_tag.sql.go:108.88,110.16 2 1
github.com/KaranAhlawat/ddgf/internal/repo/gen/advice_tag.sql.go:113.2,115.18 3 1
github.com/KaranAhlawat/ddgf/internal/repo/gen/advice_tag.sql.go:122.2,122.37 1 1
github.com/KaranAhlawat/ddgf/internal/repo/gen/advice_tag.sql.go:125.2,125.35 1 1
github.com/KaranAhlawat/ddgf/internal/repo/gen/advice_tag.sql.go:128.2,128.19 1 1
github.com/KaranAhlawat/ddgf/internal/repo/gen/advice_tag.sql.go:110.16,112.3 1 0
github.com/KaranAhlawat/ddgf/internal/repo/gen/advice_tag.sql.go:115.18,117.66 2 1
github.com/KaranAhlawat/ddgf/internal/repo/gen/advice_tag.sql.go:120.3,120.27 1 1
github.com/KaranAhlawat/ddgf/internal/repo/gen/advice_tag.sql.go:117.66,119.4 1 0
github.com/KaranAhlawat/ddgf/internal/repo/gen/advice_tag.sql.go:122.37,124.3 1 0
github.com/KaranAhlawat/ddgf/internal/repo/gen/advice_tag.sql.go:125.35,127.3 1 0
github.com/KaranAhlawat/ddgf/internal/repo/gen/advice_tag.sql.go:147.114,149.16 2 1
github.com/KaranAhlawat/ddgf/internal/repo/gen/advice_tag.sql.go:152.2,154.18 3 1
github.com/KaranAhlawat/ddgf/internal/repo/gen/advice_tag.sql.go:161.2,161.37 1 1
github.com/KaranAhlawat/ddgf/internal/repo/gen/advice_tag.sql.go:164.2,164.35 1 1
github.com/KaranAhlawat/ddgf/internal/repo/gen/advice_tag.sql.go:167.2,167.19 1 1
github.com/KaranAhlawat/ddgf/internal/repo/gen/advice_tag.sql.go:149.16,151.3 1 0
github.com/KaranAhlawat/ddgf/internal/repo/gen/advice_tag.sql.go:154.18,156.53 2 1
github.com/KaranAhlawat/ddgf/internal/repo/gen/advice_tag.sql.go:159.3,159.27 1 1
github.com/KaranAhlawat/ddgf/internal/repo/gen/advice_tag.sql.go:156.53,158.4 1 0
github.com/KaranAhlawat/ddgf/internal/repo/gen/advice_tag.sql.go:161.37,163.3 1 0
github.com/KaranAhlawat/ddgf/internal/repo/gen/advice_tag.sql.go:164.35,166.3 1 0
